2018-11-21T19:27:02+01:00 [[32minfo[39m]: [MONGODB] Connection successful: mongodb://localhost:27017/crypto-watcher
2018-11-21T19:27:02+01:00 [[32minfo[39m]: [INFLUXDB] Connection successful: localhost:8086
2018-11-21T19:27:02+01:00 [[32minfo[39m]: [WATCHER] Watcher started on binance: BTC/USDT
2018-11-21T19:27:02+01:00 [[31merror[39m]: Cannot read property 'count' of undefined
TypeError: Cannot read property 'count' of undefined
    at Influx.<anonymous> (/home/clement/DEV/Crypto/influx-crypto-watcher/src/_core/Influx/Influx.ts:135:28)
    at Generator.next (<anonymous>)
    at fulfilled (/home/clement/DEV/Crypto/influx-crypto-watcher/src/_core/Influx/Influx.ts:4:58)
    at process._tickCallback (internal/process/next_tick.js:68:7)

2018-11-21T19:27:02+01:00 [[31merror[39m]: Problem with query SELECT count(close) FROM OHLC WHERE symbol='lala'
Error: Problem with query SELECT count(close) FROM OHLC WHERE symbol='lala'
    at Influx.<anonymous> (/home/clement/DEV/Crypto/influx-crypto-watcher/src/_core/Influx/Influx.ts:138:13)
    at Generator.next (<anonymous>)
    at fulfilled (/home/clement/DEV/Crypto/influx-crypto-watcher/src/_core/Influx/Influx.ts:4:58)
    at process._tickCallback (internal/process/next_tick.js:68:7)

2018-11-21T19:27:02+01:00 [[31merror[39m]: Error when filling history
Error: Error when filling history
    at MarketWatcher.<anonymous> (/home/clement/DEV/Crypto/influx-crypto-watcher/src/_core/Watcher/MarketWatcher/MarketWatcher.ts:138:13)
    at Generator.throw (<anonymous>)
    at rejected (/home/clement/DEV/Crypto/influx-crypto-watcher/src/_core/Watcher/MarketWatcher/MarketWatcher.ts:5:65)
    at process._tickCallback (internal/process/next_tick.js:68:7)

2018-11-21T19:27:53+01:00 [[32minfo[39m]: [MONGODB] Connection successful: mongodb://localhost:27017/crypto-watcher
2018-11-21T19:27:53+01:00 [[32minfo[39m]: [INFLUXDB] Connection successful: localhost:8086
2018-11-21T19:27:53+01:00 [[32minfo[39m]: [WATCHER] Watcher started on binance: BTC/USDT
