2018-11-21T18:16:43+01:00 [[31merror[39m]: Attempted to run an influx query without a default database specified or an explicit database provided.
Error: Attempted to run an influx query without a default database specified or an explicit database provided.
    at InfluxDB.defaultDB (/home/clement/DEV/Crypto/influx-crypto-watcher/node_modules/influx/lib/src/index.js:848:19)
    at InfluxDB.queryRaw (/home/clement/DEV/Crypto/influx-crypto-watcher/node_modules/influx/lib/src/index.js:812:68)
    at InfluxDB.query (/home/clement/DEV/Crypto/influx-crypto-watcher/node_modules/influx/lib/src/index.js:795:21)
    at Influx.<anonymous> (/home/clement/DEV/Crypto/influx-crypto-watcher/src/_core/Influx/Influx.ts:103:35)
    at Generator.next (<anonymous>)
    at /home/clement/DEV/Crypto/influx-crypto-watcher/src/_core/Influx/Influx.ts:7:71
    at new Promise (<anonymous>)
    at __awaiter (/home/clement/DEV/Crypto/influx-crypto-watcher/src/_core/Influx/Influx.ts:3:12)
    at Influx.getSeriesGap (/home/clement/DEV/Crypto/influx-crypto-watcher/src/_core/Influx/Influx.ts:96:16)
    at MarketWatcher.<anonymous> (/home/clement/DEV/Crypto/influx-crypto-watcher/src/_core/Watcher/MarketWatcher/MarketWatcher.ts:91:52)
    at Generator.next (<anonymous>)
    at /home/clement/DEV/Crypto/influx-crypto-watcher/src/_core/Watcher/MarketWatcher/MarketWatcher.ts:7:71
    at new Promise (<anonymous>)
    at __awaiter (/home/clement/DEV/Crypto/influx-crypto-watcher/src/_core/Watcher/MarketWatcher/MarketWatcher.ts:3:12)
    at MarketWatcher.fillHistory (/home/clement/DEV/Crypto/influx-crypto-watcher/src/_core/Watcher/MarketWatcher/MarketWatcher.ts:84:16)
    at MarketWatcher.<anonymous> (/home/clement/DEV/Crypto/influx-crypto-watcher/src/_core/Watcher/MarketWatcher/MarketWatcher.ts:62:10)

2018-11-21T18:16:43+01:00 [[31merror[39m]: Error when filling history
Error: Error when filling history
    at MarketWatcher.<anonymous> (/home/clement/DEV/Crypto/influx-crypto-watcher/src/_core/Watcher/MarketWatcher/MarketWatcher.ts:100:13)
    at Generator.throw (<anonymous>)
    at rejected (/home/clement/DEV/Crypto/influx-crypto-watcher/src/_core/Watcher/MarketWatcher/MarketWatcher.ts:5:65)
    at process._tickCallback (internal/process/next_tick.js:68:7)

