2018-11-23T17:14:09+01:00 [[32minfo[39m]: [MONGODB] Connection successful: mongodb://localhost:27017/crypto-watcher
2018-11-23T17:14:09+01:00 [[32minfo[39m]: [INFLUXDB] Connection successful: localhost:8086
2018-11-23T17:14:09+01:00 [[32minfo[39m]: [API] Server running at: http://localhost:3000
2018-11-23T17:14:16+01:00 [[32minfo[39m]: [WATCHER] Watcher started on binance: ETH/USDT
2018-11-23T17:14:16+01:00 [[32minfo[39m]: [WATCHER] Watcher started on binance: BTC/USDT
2018-11-23T17:14:16+01:00 [[32minfo[39m]: [WATCHER] Watcher started on binance: ENG/BTC
2018-11-23T17:14:16+01:00 [[32minfo[39m]: [WATCHER] Watcher started on binance: XLM/BTC
2018-11-23T17:14:16+01:00 [[32minfo[39m]: [WATCHER] Watcher started on binance: TRX/BTC
2018-11-23T17:14:18+01:00 [[32minfo[39m]: [Watcher] 427 missing points filled into InfluxDB for serie TRX/BTC
2018-11-23T17:14:19+01:00 [[32minfo[39m]: [Watcher] 636 missing points filled into InfluxDB for serie ENG/BTC
2018-11-23T17:14:19+01:00 [[32minfo[39m]: [Watcher] 636 missing points filled into InfluxDB for serie ETH/USDT
2018-11-23T17:14:23+01:00 [[32minfo[39m]: [Watcher] 1798 missing points filled into InfluxDB for serie BTC/USDT
2018-11-23T17:14:23+01:00 [[32minfo[39m]: [Watcher] 1798 missing points filled into InfluxDB for serie XLM/BTC
2018-11-23T17:14:35+01:00 [[32minfo[39m]: [MONGODB] Connection successful: mongodb://localhost:27017/crypto-watcher
2018-11-23T17:14:35+01:00 [[32minfo[39m]: [INFLUXDB] Connection successful: localhost:8086
2018-11-23T17:14:35+01:00 [[32minfo[39m]: [API] Server running at: http://localhost:3000
2018-11-23T17:14:44+01:00 [[32minfo[39m]: [WATCHER] Watcher started on binance: ETH/USDT
2018-11-23T17:14:44+01:00 [[32minfo[39m]: [WATCHER] Watcher started on binance: BTC/USDT
2018-11-23T17:14:44+01:00 [[32minfo[39m]: [WATCHER] Watcher started on binance: ENG/BTC
2018-11-23T17:14:44+01:00 [[32minfo[39m]: [WATCHER] Watcher started on binance: XLM/BTC
2018-11-23T17:14:44+01:00 [[32minfo[39m]: [WATCHER] Watcher started on binance: TRX/BTC
2018-11-23T17:14:46+01:00 [[32minfo[39m]: [Watcher] 420 missing points filled into InfluxDB for serie TRX/BTC
2018-11-23T17:14:47+01:00 [[32minfo[39m]: [Watcher] 630 missing points filled into InfluxDB for serie ETH/USDT
2018-11-23T17:14:47+01:00 [[32minfo[39m]: [Watcher] 630 missing points filled into InfluxDB for serie ENG/BTC
