2018-11-23T15:01:17+01:00 [[31merror[39m]: No Influx instance set for this watcher
Error: No Influx instance set for this watcher
    at MarketWatcher.getInflux (/home/clement/DEV/Crypto/influx-crypto-watcher/src/_core/Watcher/Watcher.ts:96:13)
    at MarketWatcher.<anonymous> (/home/clement/DEV/Crypto/influx-crypto-watcher/src/_core/Watcher/MarketWatcher/MarketWatcher.ts:95:21)
    at Generator.next (<anonymous>)
    at /home/clement/DEV/Crypto/influx-crypto-watcher/src/_core/Watcher/MarketWatcher/MarketWatcher.ts:7:71
    at new Promise (<anonymous>)
    at __awaiter (/home/clement/DEV/Crypto/influx-crypto-watcher/src/_core/Watcher/MarketWatcher/MarketWatcher.ts:3:12)
    at MarketWatcher.checkTimeserie (/home/clement/DEV/Crypto/influx-crypto-watcher/src/_core/Watcher/MarketWatcher/MarketWatcher.ts:95:16)
    at MarketWatcher.<anonymous> (/home/clement/DEV/Crypto/influx-crypto-watcher/src/_core/Watcher/MarketWatcher/MarketWatcher.ts:65:16)
    at Generator.next (<anonymous>)
    at /home/clement/DEV/Crypto/influx-crypto-watcher/src/_core/Watcher/MarketWatcher/MarketWatcher.ts:7:71
    at new Promise (<anonymous>)
    at __awaiter (/home/clement/DEV/Crypto/influx-crypto-watcher/src/_core/Watcher/MarketWatcher/MarketWatcher.ts:3:12)
    at MarketWatcher.runWatcher (/home/clement/DEV/Crypto/influx-crypto-watcher/src/_core/Watcher/MarketWatcher/MarketWatcher.ts:60:16)
    at MarketWatcher.<anonymous> (/home/clement/DEV/Crypto/influx-crypto-watcher/src/_core/Watcher/Watcher.ts:70:10)
    at Generator.next (<anonymous>)
    at fulfilled (/home/clement/DEV/Crypto/influx-crypto-watcher/src/_core/Watcher/Watcher.ts:4:58)

2018-11-23T15:01:18+01:00 [[31merror[39m]: No Influx instance set for this watcher
Error: No Influx instance set for this watcher
    at MarketWatcher.getInflux (/home/clement/DEV/Crypto/influx-crypto-watcher/src/_core/Watcher/Watcher.ts:96:13)
    at MarketWatcher.<anonymous> (/home/clement/DEV/Crypto/influx-crypto-watcher/src/_core/Watcher/MarketWatcher/MarketWatcher.ts:74:14)
    at Generator.next (<anonymous>)
    at fulfilled (/home/clement/DEV/Crypto/influx-crypto-watcher/src/_core/Watcher/MarketWatcher/MarketWatcher.ts:4:58)
    at process._tickCallback (internal/process/next_tick.js:68:7)

2018-11-23T15:01:49+01:00 [[31merror[39m]: No Influx instance set for this watcher
Error: No Influx instance set for this watcher
    at MarketWatcher.getInflux (/home/clement/DEV/Crypto/influx-crypto-watcher/src/_core/Watcher/Watcher.ts:96:13)
    at MarketWatcher.<anonymous> (/home/clement/DEV/Crypto/influx-crypto-watcher/src/_core/Watcher/MarketWatcher/MarketWatcher.ts:74:14)
    at Generator.next (<anonymous>)
    at fulfilled (/home/clement/DEV/Crypto/influx-crypto-watcher/src/_core/Watcher/MarketWatcher/MarketWatcher.ts:4:58)
    at process._tickCallback (internal/process/next_tick.js:68:7)

2018-11-23T15:02:19+01:00 [[31merror[39m]: No Influx instance set for this watcher
Error: No Influx instance set for this watcher
    at MarketWatcher.getInflux (/home/clement/DEV/Crypto/influx-crypto-watcher/src/_core/Watcher/Watcher.ts:96:13)
    at MarketWatcher.<anonymous> (/home/clement/DEV/Crypto/influx-crypto-watcher/src/_core/Watcher/MarketWatcher/MarketWatcher.ts:74:14)
    at Generator.next (<anonymous>)
    at fulfilled (/home/clement/DEV/Crypto/influx-crypto-watcher/src/_core/Watcher/MarketWatcher/MarketWatcher.ts:4:58)
    at process._tickCallback (internal/process/next_tick.js:68:7)

