2018-11-21T18:20:14+01:00 [[31merror[39m]: Error from InfluxDB: invalid condition expression: undefined
Error: Error from InfluxDB: invalid condition expression: undefined
    at new ResultError (/home/clement/DEV/Crypto/influx-crypto-watcher/node_modules/influx/lib/src/results.js:20:28)
    at assertNoErrors (/home/clement/DEV/Crypto/influx-crypto-watcher/node_modules/influx/lib/src/results.js:107:19)
    at Object.parse (/home/clement/DEV/Crypto/influx-crypto-watcher/node_modules/influx/lib/src/results.js:123:5)
    at /home/clement/DEV/Crypto/influx-crypto-watcher/node_modules/influx/lib/src/index.js:795:85
    at process._tickCallback (internal/process/next_tick.js:68:7)

2018-11-21T18:20:14+01:00 [[31merror[39m]: Error when filling history
Error: Error when filling history
    at MarketWatcher.<anonymous> (/home/clement/DEV/Crypto/influx-crypto-watcher/src/_core/Watcher/MarketWatcher/MarketWatcher.ts:100:13)
    at Generator.throw (<anonymous>)
    at rejected (/home/clement/DEV/Crypto/influx-crypto-watcher/src/_core/Watcher/MarketWatcher/MarketWatcher.ts:5:65)
    at process._tickCallback (internal/process/next_tick.js:68:7)

2018-11-21T18:20:32+01:00 [[31merror[39m]: Error: Error from InfluxDB: invalid condition expression: undefined
Error: Error: Error from InfluxDB: invalid condition expression: undefined
    at Influx.<anonymous> (/home/clement/DEV/Crypto/influx-crypto-watcher/src/_core/Influx/Influx.ts:125:15)
    at Generator.throw (<anonymous>)
    at rejected (/home/clement/DEV/Crypto/influx-crypto-watcher/src/_core/Influx/Influx.ts:5:65)
    at process._tickCallback (internal/process/next_tick.js:68:7)

2018-11-21T18:20:32+01:00 [[31merror[39m]: Error when filling history
Error: Error when filling history
    at MarketWatcher.<anonymous> (/home/clement/DEV/Crypto/influx-crypto-watcher/src/_core/Watcher/MarketWatcher/MarketWatcher.ts:100:13)
    at Generator.throw (<anonymous>)
    at rejected (/home/clement/DEV/Crypto/influx-crypto-watcher/src/_core/Watcher/MarketWatcher/MarketWatcher.ts:5:65)
    at process._tickCallback (internal/process/next_tick.js:68:7)

