2018-11-21T18:26:39+01:00 [[32minfo[39m]: [MONGODB] Connection successful: mongodb://localhost:27017/crypto-watcher
2018-11-21T18:26:39+01:00 [[32minfo[39m]: [INFLUXDB] Connection successful: localhost:8086
2018-11-21T18:26:39+01:00 [[32minfo[39m]: [WATCHER] Watcher started on binance: BTC/USDT
2018-11-21T18:26:39+01:00 [[31merror[39m]: A 400 Bad Request error occurred: {"error":"error parsing query: fill must be a function call"}

Error: A 400 Bad Request error occurred: {"error":"error parsing query: fill must be a function call"}

    at new RequestError (/home/clement/DEV/Crypto/influx-crypto-watcher/node_modules/influx/lib/src/pool.js:52:28)
    at IncomingMessage.<anonymous> (/home/clement/DEV/Crypto/influx-crypto-watcher/node_modules/influx/lib/src/pool.js:62:53)
    at IncomingMessage.emit (events.js:187:15)
    at IncomingMessage.EventEmitter.emit (domain.js:442:20)
    at endReadableNT (_stream_readable.js:1081:12)
    at process._tickCallback (internal/process/next_tick.js:63:19)

2018-11-21T18:26:39+01:00 [[31merror[39m]: Problem with query SELECT * from (
        SELECT max(close) as close 
        FROM OHLC
        WHERE symbol='BTC/USDT'
        GROUP BY time(1m) fill (-1)
      ) WHERE close = -1
Error: Problem with query SELECT * from (
        SELECT max(close) as close 
        FROM OHLC
        WHERE symbol='BTC/USDT'
        GROUP BY time(1m) fill (-1)
      ) WHERE close = -1
    at Influx.<anonymous> (/home/clement/DEV/Crypto/influx-crypto-watcher/src/_core/Influx/Influx.ts:123:13)
    at Generator.throw (<anonymous>)
    at rejected (/home/clement/DEV/Crypto/influx-crypto-watcher/src/_core/Influx/Influx.ts:5:65)
    at process._tickCallback (internal/process/next_tick.js:68:7)

2018-11-21T18:26:39+01:00 [[31merror[39m]: Error when filling history
Error: Error when filling history
    at MarketWatcher.<anonymous> (/home/clement/DEV/Crypto/influx-crypto-watcher/src/_core/Watcher/MarketWatcher/MarketWatcher.ts:100:13)
    at Generator.throw (<anonymous>)
    at rejected (/home/clement/DEV/Crypto/influx-crypto-watcher/src/_core/Watcher/MarketWatcher/MarketWatcher.ts:5:65)
    at process._tickCallback (internal/process/next_tick.js:68:7)

